<?xml version="1.0" encoding="UTF-8"?>
<testng-results ignored="0" total="2" passed="2" failed="0" skipped="0">
  <reporter-output>
  </reporter-output>
  <suite started-at="2023-07-18T18:35:58 IST" name="Suite" finished-at="2023-07-18T18:36:06 IST" duration-ms="7783">
    <groups>
    </groups>
    <test started-at="2023-07-18T18:35:58 IST" name="ChromeTest" finished-at="2023-07-18T18:36:01 IST" duration-ms="3292">
      <class name="testExecution.SelectBrowser">
        <test-method signature="browserMethod(java.lang.String,java.lang.String,java.lang.String,java.lang.String)[pri:0, instance:testExecution.SelectBrowser@242b836]" started-at="2023-07-18T18:35:58 IST" name="browserMethod" finished-at="2023-07-18T18:36:01 IST" duration-ms="3216" status="PASS">
          <params>
            <param index="0">
              <value>
                <![CDATA[chrome]]>
              </value>
            </param>
            <param index="1">
              <value>
                <![CDATA[http://laptop-bnk08khg/login.do]]>
              </value>
            </param>
            <param index="2">
              <value>
                <![CDATA[admin]]>
              </value>
            </param>
            <param index="3">
              <value>
                <![CDATA[manager]]>
              </value>
            </param>
          </params>
          <reporter-output>
          </reporter-output>
        </test-method> <!-- browserMethod -->
      </class> <!-- testExecution.SelectBrowser -->
    </test> <!-- ChromeTest -->
    <test started-at="2023-07-18T18:35:58 IST" name="FirefoxTest" finished-at="2023-07-18T18:36:06 IST" duration-ms="7783">
      <class name="testExecution.SelectBrowser">
        <test-method signature="browserMethod(java.lang.String,java.lang.String,java.lang.String,java.lang.String)[pri:0, instance:testExecution.SelectBrowser@54422e18]" started-at="2023-07-18T18:35:58 IST" name="browserMethod" finished-at="2023-07-18T18:36:06 IST" duration-ms="7712" status="PASS">
          <params>
            <param index="0">
              <value>
                <![CDATA[firefox]]>
              </value>
            </param>
            <param index="1">
              <value>
                <![CDATA[http://laptop-bnk08khg/login.do]]>
              </value>
            </param>
            <param index="2">
              <value>
                <![CDATA[admin]]>
              </value>
            </param>
            <param index="3">
              <value>
                <![CDATA[manager]]>
              </value>
            </param>
          </params>
          <reporter-output>
          </reporter-output>
        </test-method> <!-- browserMethod -->
      </class> <!-- testExecution.SelectBrowser -->
    </test> <!-- FirefoxTest -->
  </suite> <!-- Suite -->
</testng-results>
