<?xml version="1.0" encoding="UTF-8"?>
<!-- Generated by org.testng.reporters.JUnitXMLReporter -->
<testsuite ignored="1" hostname="LAPTOP-BNK08KHG" failures="1" tests="1" name="Test(failed)" time="0.098" errors="0" timestamp="2023-07-17T15:11:07 IST">
  <testcase classname="testngPackage2.Demo2" name="method1" time="0.013">
    <failure type="java.lang.ArithmeticException" message="/ by zero">
      <![CDATA[java.lang.ArithmeticException: / by zero
at testngPackage2.Demo2.method1(Demo2.java:17)
at java.base/java.util.ArrayList.forEach(ArrayList.java:1511)
... Removed 27 stack frames]]>
    </failure>
  </testcase> <!-- method1 -->
  <testcase classname="testngPackage2.Demo2" name="method3" time="0.0">
    <ignored/>
  </testcase> <!-- method3 -->
</testsuite> <!-- Test(failed) -->
